[    .00000] Initiazingcgupsubbs uset
[    0.000000] Initializing cgroup subsys cpu
[    0.000000] Initializing cgroup subsys cpuacct
[    0.000000] Linuversion4..091-genri(bildd@lcy011 (gc vrsn 5.4.0 20609 (Unt 5.4.0-6ubuntu1~16.04.4) ) #114-Ubuntu SMP Tue Aug 8 11:56:56 UTC 2017 (Ubutu.4.0-1.4-geer 44.7)
[    0.000000] Command lin: BOOT_MAGE=/boot/vmliz-.4.0-9-gnec roo=LELcludg-roots o nnsoe=ty console=ttyS0
   000000]ERNEL upported cpus:
[    0.000000]   Intel GenuineIntel[    0.000000]   AMDAuheticAMD
[    0.000000]  Cetar CetaHaul
   0.0000] x86/fpu: xstate_offset[2]:  576, xstate_sizes[2]:  256
[    0.000000] x86/fpu: Supporting XSAVE feature 0x01: 'x87 floating poin rgites'
[    0.000000] x86/fpu: Supporting XSAVE feature 0x02: 'SSE registers'
[    0.000000] x86/fpu: Supporting XSAVE feature 0x04: 'AVX registers'
[    0.000000] x86/fpu: Enabled xstate features 0x7, context size is 832 bytes, using 'standard' format.
[    0.00000] x86/fpu: Using 'lazy' FPU context switches.
[    0.000000] e820: BIOS-provided physsical RAM map:
[    0.000000] BIOS-e820: [mem 0x0000000000000000-0x000000000009fbff] usable
[    0.000000] BIOS-e820: [mem 0x000000000009fc00-0x000000000009ffff] reserved
[    0.000000] BIS-820: [mem 000000000000f0000-0x00000000000fffff] reserved
[    0.000000] BIOS-e820: [mem 0x0000000000100000-0x000000003ffeffff] usable
[    0.000000]  BIOS-e820: [mem 0x000000003fff0000-0x000000003fffffff] ACPI data
[    0.000000] BIOS-e820: [mem 0x00000000fec00000-0x00000000fec00fff] reserved
[    0.000000] BIOS-e820: [mem 0x00000000fee00000-0x00000000fee00fff] reserved
[    0.000000] BIOS-e820: [mem 0x00000000fffc0000-0x00000000ffffffff] reserved
[    0.000000] NX (Execute Disable) protection: active
[    0.000000] SMBOS 2.5 present.
[    0.000000] Hypervisor detected: KVM
[    0.000000] e820: last_pfn = 0x3fff0 max_arch_pfn = 0x400000000
[    0.000000] MTRR: Disabled
[    0.000000] x86/PAT: MTRRs disabled, skipping PAT initialization too.
[    0.000000] x86/PAT: Configuration [0-7]: WB  WT  UC- UC  WB  WT  UC- UC  
[    0.00000] CPU MTRRs all blank - virtualized system.
[    0.000000] found SMP MP-table at [mm 0x0009fff0-0x0009ffff] maped at [ffff88000009fff0]
[    0.000000] Scanning 1 areas forlow memory corruption
[   0.000000] RAMDISK: [mem 0x36ac6000-0x3755afff]
[    0.000000] ACPI: Early table checksum verification disabled
[    0.000000] ACPI: RSDP 0x00000000000E0000 000024 (v02 VBOX  )
[    0.000000] ACPI: XSDT 0x000000003FFF0030 00003C (v01 VBOX   VBOXXSDT 00000001 ASL  00000061)
[    0.000000] ACPI: FACP 0x000000003FFF00F0 0000F4 (v04 VBOX   VBOXFACP 00000001 ASL  00000061)
[    0.000000] ACPI: DSDT 0x000000003FFF0470 0021FF (v02 VBOX   VBOXBIOS 00000002 INTL 20100528)
[    0.000000] ACPI: FACS 0x000000003FFF0200 000040
[    0.000000] ACPI: FACS 0x000000003FFF0200 000040
[    0.000000] ACPI: APIC 0x000000003FFF0240 00005C (v02 VBOX   VBOXAPIC 00000001 ASL  00000061)
[    0.000000] ACPI: SSDT 0x000000003FFF02A0 0001CC (v01 VBOX   VBOXCPUT 00000002 INTL 20100528)
[    0.000000] No NUMA configuration found
[    0.000000] Faking a node at [mem 0x0000000000000000-0x000000003ffeffff]
[    0.000000] NODE_DAA(0) allocated [mem 0x3ffeb000-0x3ffeffff]
[    0.000000] vm-cock: Using msrs 4b564d01 and 4b564d00
[    0.000000] kvm-clock: cpu 0, msr 0:3ffe3001, primary cpu clock
[    0.000000] kvm-clock: using sched offset of 3133747220 cycles
[    0.000000] clocksource: kvm-clock: mask: 0xffffffffffffffff max_cycles: 0x1cd42e4dffb, max_idle_ns: 881590591483 ns
[    0.000000] Zone ranges:
[    0.000000]   DMA      [mem 0x0000000000001000-0x0000000000ffffff]
[    0.000000]   DMA32    [mem 0x0000000001000000-x000000003ffeffff]
[    0.000000]   Normal   empty
[    0.000000]   Device   empty
[    0.000000] Movable zone start for each node
[    0.000000] Early memory node ranges
[    0.000000]   node   0: [mem 0x0000000000001000-0x000000000009efff]
[    0.000000]   node   0: [mem 0x0000000000100000-0x000000003ffeffff]
[    0.000000] Initmem setup node 0 [me 0x00000000001000-0x000000003ffeffff]
[    0.000000] ACPI: PM-Timer IO Port: 0x4008
[    0.000000] IOAPIC[0]: apic_id 2 version 32, address 0xfec00000, GSI 0-23
[    0.000000] ACPI: INT_SRC_OVR (bus 0 bus_irq 0 global_irq 2 dfl dfl)
[    0.000000] ACPI: INT_SRC_OVR(bus 0 bus_irq 9 global_irq 9 low level)
[    0.000000] Using ACPI (MADT) for MP configuration informatin
[    0.000000] smpbot: Allowing 2 CPUs, 0 hotplug CPUs
[    0.000000] PM: Registered nosave memory: [mem 0x00000000-0x00000fff]
[    0.000000] PM: Registered nosave memory: [mem 0x0009f000-0x0009ffff]
[    0.000000] PM: Registered nosave memory: [mem 0x000a0000-0x000effff]
[    0.000000] PM: Registered nosave memory: [mem 0x000f0000-0x000fffff]
[    0.000000] e820: [mem 0x40000000-0xfebfffff] available for PCI devices
[    0.000000] Booting paravirtualized kernel on KVM
[    0.000000] clocksource: refined-jiffies: mask: 0xffffffff max_cycles: 0xffffffff, max_idle_ns: 7645519600211568 ns
[    0.000000] setup_percpu: NR_CPUS:512 nr_cpumask_bits:512 nr_cpu_ids:2 nr_node_ids:1
[    0.000000] PERCPU: Embedded 33 pages/cpu @ffff88003fc00000 s98264 r8192 d28712 u1048576
[    0.000000] PV qspinlock hash table entries: 256 (order: 0, 4096 bytes)
[    0.000000] Built 1 zonelists in Nod order, mobility grouping on.  Total pages: 257913
[    0.000000] Policy zone: DMA32
[    0.000000] Kernel command line: BOOT_IMAGE=/boot/vmlinuz-4.4.0-91-generic root=LABEL=cloudimg-rootfs ro console=tty1 console=ttyS0
[    0.000000] PID hash table entries: 4096 (order: 3, 32768 bytes)
[    0.000000] Memory: 1001740K/1048120K available (8474K kernel code, 1294K rwdata, 3984K rodata, 1488K init, 1316K bss, 46380K reserved, 0K cma-reserved)
[    0.000000] SLUB: HWalign=64, Order=0-3, MinObjects=0, CPs=2Nodes=1
[   0.000000] Herarchical RCU implementation.
[    0000000] 	Build-time adjustment of leaf fanout to 64.
[    0.000000] 	RCU restricting CPUs from NR_CPUS=512 to nr_cpu_ids=2.
[    0.000000] RCU: Adjusting geometry for rcu_anout_leaf=64, nr_cpu_ids=2
[    0.000000] NR_IRQS:33024 nr_irqs:440 16
[    0.000000] Console: colour VGA+ 80x25
[    0.000000] console [tty1] enabled
[    0.000000] consoe [ttyS0] enabled
[    0.000000] tsc: Detected 2599.998 MHz processor
[    4.91087] Calibrating delay loop (skipped) preset value.. 5199.99 BogoMIPS (lpj=10399992)
[    4.938778] pid_max: default: 32768 minimum: 301
[    4.941407] ACPI: Core revision 20150930
[    4.960817] ACPI: 2 ACPI AML tables successfully acquired and loaded
[    4.974166] Security Framework initialized
[    4.990384] Yama: becoming mindful.
[    4.998378] AppArmor: AppArmor initialized
[    5.002147] Dentry cache hash table entries: 131072 (order: 8, 1048576 bytes)
[    5.007269] Inode-cache hash table entries: 65536 (order: 7, 524288 bytes)
[    5.025141] Mount-cache hash table entries: 2048 (order: 2, 16384 bytes)
[    5.033891] Mountpoint-cache hash table entries: 2048 (order: 2, 16384 bytes)
[    5.054432] Initializing cgroup subsys io
[    5.062993] Initializing cgroup subsys memory
[    5.081514] Initializing cgroup subsys devices
[    5.089469] Initializing cgroup subsys freezer
[    5.094873] Initializing cgroup subsys net_cls
[    5.097692] Initializing cgroup subsys perf_event
[    5.106226] Initializing cgroup subsys net_prio
[    5.123358] Initializing cgroup subsys hugetlb
[    5.129382] Initializing cgroup subsys pids
[    5.145772] CPU: Physical Processor ID: 0
[    5.148013] CPU: Processor Core ID: 0
[    5.157499] mce: CPU supports 0 MCE banks
[    5.161291] Last level iTLB entries: 4KB 1024, 2MB 1024, 4MB 1024
[    5.195811] Last level dTLB entries: 4KB 1024, 2MB 1024, 4MB 1024, 1GB 4
[    5.304736] Freeing SMP alternatives memory: 32K (ffffffff820b9000 - ffffffff820c1000)
[    5.337477] ftrace: allocating 32131 entries in 126 pages
[    5.407633] smpboot: APIC(0) Converting physical 0 to logical package 0
[    5.494244] smpboot: Max logical packages: 1
[    5.555352] x2apic enabled
[    5.566872] Switched APIC routing to physical x2apic.
[    5.577390] ..TIMER: vector=0x30 apic1=0 pin1=2 apic2=-1 pin2=-1
[    5.713738] smpboot: CPU0: Intel(R) Core(TM) i5-4278U CPU @ 2.60GHz (family: 0x6, model: 0x45, stepping: 0x1)
[    5.763347] Performance Events: unsupported p6 CPU model 69 no PMU driver, software events only.
[    5.786650] KVM setup paravirtual spinlock
[    5.857976] x86: Booting SMP configuration:
[    5.921058] .... node  #0, CPUs:      #1
[    5.933188] kvm-clock: cpu 1, msr 0:3ffe3041, secondary cpu clock
[    5.947181] mce: CPU supports 0 MCE banks
[    5.969737] x86: Booted up 1 node, 2 CPUs
[    5.977344] smpboot: Total of 2 processors activated (10399.99 BogoMIPS)
[    5.986727] devtmpfs: initialized
[    5.997002] evm: security.selinux
[    6.005989] evm: security.SMACK64
[    6.020837] evm: security.SMACK64EXEC
[    6.034399] evm: security.SMACK64TRANSMUTE
[    6.041387] evm: security.SMACK64MMAP
[    6.045938] evm: security.ima
[    6.062651] evm: security.capability
[    6.069739] clocksource: jiffies: mask: 0xffffffff max_cycles: 0xffffffff, max_idle_ns: 7645041785100000 ns
[    6.086817] futex hash table entries: 512 (order: 3, 32768 bytes)
[    6.090711] pinctrl core: initialized pinctrl subsystem
[    6.115346] RTC time: 20:40:55, date: 03/02/18
[    6.134658] NET: Registered protocol family 16
[    6.148544] cpuidle: using governor ladder
[    6.160499] cpuidle: using governor menu
[    6.164101] PCCT header not found.
[    6.174415] ACPI: bus type PCI registered
[    6.188628] acpiphp: ACPI Hot Plug PCI Controller Driver version: 0.5
[    6.209474] PCI: Using configuration type 1 for base access
[    6.229012] ACPI: Added _OSI(Module Device)
[    6.232502] ACPI: Added _OSI(Processor Device)
[    6.235184] ACPI: Added _OSI(3.0 _SCP Extensions)
[    6.253871] ACPI: Added _OSI(Processor Aggregator Device)
[    6.258406] ACPI: Executed 1 blocks of module-level executable AML code
[    6.267273] ACPI: Interpreter enabled
[    6.269741] ACPI: (supports S0 S5)
[    6.279212] ACPI: Using IOAPIC for interrupt routing
[    6.299626] PCI: Using host bridge windows from ACPI; if necessary, use "pci=nocrs" and report a bug
[    6.433263] ACPI: PCI Root Bridge [PCI0] (domain 0000 [bus 00-ff])
[    6.437169] acpi PNP0A03:00: _OSC: OS supports [ASPM ClockPM Segments MSI]
[    6.451539] acpi PNP0A03:00: _OSC: not requesting OS control; OS requires [ExtendedConfig ASPM ClockPM MSI]
[    6.469192] acpi PNP0A03:00: fail to add MMCONFIG information, can't access extended PCI configuration space under this bridge.
[    6.475608] PCI host bridge to bus 0000:00
[    6.493938] pci_bus 0000:00: root bus resource [io  0x0000-0x0cf7 window]
[    6.506141] pci_bus 0000:00: root bus resource [io  0x0d00-0xffff window]
[    6.515135] pci_bus 0000:00: root bus resource [mem 0x000a0000-0x000bffff window]
[    6.524391] pci_bus 0000:00: root bus resource [mem 0x40000000-0xfdffffff window]
[    6.547004] pci_bus 0000:00: root bus resource [bus 00-ff]
[    6.554263] pci 0000:00:01.1: legacy IDE quirk: reg 0x10: [io  0x01f0-0x01f7]
[    6.578744] pci 0000:00:01.1: legacy IDE quirk: reg 0x14: [io  0x03f6]
[    6.598255] pci 0000:00:01.1: legacy IDE quirk: reg 0x18: [io  0x0170-0x0177]
[    6.625345] pci 0000:00:01.1: legacy IDE quirk: reg 0x1c: [io  0x0376]
[    6.666634] pci 0000:00:07.0: quirk: [io  0x4000-0x403f] claimed by PIIX4 ACPI
[    6.684547] pci 0000:00:07.0: quirk: [io  0x4100-0x410f] claimed by PIIX4 SMB
[    6.744618] ACPI: PCI Interrupt Link [LNKA] (IRQs 5 9 10 *11)
[    6.763352] ACPI: PCI Interrupt Link [LNKB] (IRQs 5 9 *10 11)
[    6.772833] ACPI: PCI Interrupt Link [LNKC] (IRQs 5 *9 10 11)
[    6.794667] ACPI: PCI Interrupt Link [LNKD] (IRQs 5 9 10 *11)
[    6.801389] ACPI: Enabled 2 GPEs in block 00 to 07
[    6.807305] vgaarb: setting as boot device: PCI:0000:00:02.0
[    6.813551] vgaarb: device added: PCI:0000:00:02.0,decodes=io+mem,owns=io+mem,locks=none
[    6.823797] vgaarb: loaded
[    6.828147] vgaarb: bridge control possible 0000:00:02.0
[    6.837627] SCSI subsystem initialized
[    6.840358] ACPI: bus type USB registered
[    6.843490] usbcore: registered new interface driver usbfs
[    6.857805] usbcore: registered new interface driver hub
[    6.870610] usbcore: registered new device driver usb
[    6.883262] PCI: Using ACPI for IRQ routing
[    6.896042] NetLabel: Initializing
[    6.911102] NetLabel:  domain hash size = 128
[    6.913478] NetLabel:  protocols = UNLABELED CIPSOv4
[    6.925040] NetLabel:  unlabeled traffic allowed by default
[    7.069503] amd_nb: Cannot enumerate AMD northbridges
[    7.176607] clocksource: Switched to clocksource kvm-clock
[    216713] AppArmor: AppArmor Filesystem Enabled
[    7.290013] pnp:PnP ACPIinit
[   .382043] pnp: PnP ACPI: found 3 devices

[    7.501050] clocksource: acpi_: mask: 0xffffff max_cycles: 0xffffff, max_idle_ns: 2085701024 ns
[    7.589434] NET: Reisered protocol family 2

[    7.700452] TCP established hash table entries: 8192 (order: 4, 65536 bytes)
[  7704204] TCP bind hash table entries: 8192 (order: 5, 1072 bytes)
[   .921333] TCP: Hash tables configured (established 8192 bind 8192)
[   8.015077] UDP hash table entries: 512 (order: 2, 16384 bytes)
[   8.052054] UDP-Lite hash table entries: 512 (orer 2 16384 bys)
[   8.305596] NET: egistered potco fmily 1
[   8.497884] pci 0000:00:00.0: Limiting direct PCI/PCI transfers
[   8.547544] pci 0000:00:01.0: Activating ISA DMA hang workarounds
[  8.588111] Unpacking initramfs...

[   12.185905] Freeing initrd memory: 10836K (ffff880036ac6000 - ffff88003755b000)
[   12.196329] RAPL PMU detected, API unit is 2^-32 Joules, 4 fixed counters 10737418240 ms ovfl timer
[   12.198874] hw unit of domain pp0-core 2^-0 Joules
[   12.201505] hw unit of domain package 2^-0 Joules
[   12.213967] hw unit of domain dram 2^-0 Joules
[   12.216175] hw unit of domain pp1-gpu 2^-0 Joules
[   12.225015] platform rtc_cmos: registered platform RTC device (no PNP device found)
[   12.227416] Scanning for low memory corruption every 60 seconds
[   12.231429] audit: initializing netlink subsys (disabled)
[   12.235169] audit: type=2000 audit(1520023259.685:1): initialized
[   12.259393] Initialise system trusted keyring
[   12.270095] HugeTLB registered 2 MB page size, pre-allocated 0 pages
[   12.274219] zbud: loaded
[   12.285543] VFS: Disk quotas dquot_6.6.0
[   12.288136] VFS: Dquot-cache hash table entries: 512 (order 0, 4096 bytes)
[   12.290104] squashfs: version 4.0 (2009/01/31) Phillip Lougher
[   12.293713] fuse init (API version 7.23)
[   12.303974] Key type big_key registered
[   12.311369] Allocating IMA MOK and blacklist keyrings.
[   12.331435] Key type asymmetric registered
[   12.355007] Asymmetric key parser 'x509' registered
[   12.363534] Block layer SCSI generic (bsg) driver version 0.4 loaded (major 249)
[   12.397268] io scheduler noop registered
[   12.401973] io scheduler deadline registered (default)
[   12.416760] io scheduler cfq registered
[   12.417788] pci_hotplug: PCI Hot Plug PCI Core version: 0.5
[   12.419225] pciehp: PCI Express Hot Plug Controller Driver version: 0.4
[   12.427320] ACPI: AC Adapter [AC] (on-line)
[   12.432711] input: Power Button as /devices/LNXSYSTM:00/LNXPWRBN:00/input/input0
[   12.440912] ACPI: Power Button [PWRF]
[   12.446018] input: Sleep Button as /devices/LNXSYSTM:00/LNXSLPBN:00/input/input1
[   12.458641] ACPI: Sleep Button [SLPF]
[   12.465911] GHES: HEST is not enabled!
[   12.473590] Serial: 8250/16550 driver, 32 ports, IRQ sharing enabled
[   12.510647] 00:02: ttyS0 at I/O 0x3f8 (irq = 4, base_baud = 115200) is a 16550A
[   12.540878] Linux agpgart interface v0.103
[   12.559347] loop: module loaded
[   12.567616] scsi host0: ata_piix
[   12.572416] scsi host1: ata_piix
[   12.576411] ata1: PATA max UDMA/33 cmd 0x1f0 ctl 0x3f6 bmdma 0xd000 irq 14
[   12.585578] ata2: PATA max UDMA/33 cmd 0x170 ctl 0x376 bmdma 0xd008 irq 15
[   12.598742] libphy: Fixed MDIO Bus: probed
[   12.600204] tun: Universal TUN/TAP device driver, 1.6
[   12.606758] tun: (C) 1999-2004 Max Krasnyansky <maxk@qualcomm.com>
[   12.608231] PPP generic driver version 2.4.2
[   12.612744] ehci_hcd: USB 2.0 'Enhanced' Host Controller (EHCI) Driver
[   12.624908] ehci-pci: EHCI PCI platform driver
[   12.625959] ehci-platform: EHCI generic platform driver
[   12.627084] ohci_hcd: USB 1.1 'Open' Host Controller (OHCI) Driver
[   12.629365] ohci-pci: OHCI PCI platform driver
[   12.635031] ohci-platform: OHCI generic platform driver
[   12.640344] uhci_hcd: USB Universal Host Controller Interface driver
[   12.653850] i8042: PNP: PS/2 Controller [PNP0303:PS2K,PNP0f03:PS2M] at 0x60,0x64 irq 1,12
[   12.666731] serio: i8042 KBD port at 0x60,0x64 irq 1
[   12.673310] serio: i8042 AUX port at 0x60,0x64 irq 12
[   12.679722] mousedev: PS/2 mouse device common for all mice
[   12.751366] rtc_cmos rtc_cmos: rtc core: registered rtc_cmos as rtc0
[   12.782556] input: AT Translated Set 2 keyboard as /devices/platform/i8042/serio0/input/input2
[   12.789629] rtc_cmos rtc_cmos: alarms up to one day, 114 bytes nvram
[   12.789651] i2c /dev entries driver
[   12.789745] device-mapper: uevent: version 1.0.3
[   12.789850] device-mapper: ioctl: 4.34.0-ioctl (2015-10-28) initialised: dm-devel@redhat.com
[   12.789873] ledtrig-cpu: registered to indicate activity on CPUs
[   12.790222] NET: Registered protocol family 10
[   12.790408] NET: Registered protocol family 17
[   12.790419] Key type dns_resolver registered
[   12.790611] microcode: CPU0 sig=0x40651, pf=0x40, revision=0x0
[   12.813409] microcode: CPU1 sig=0x40651, pf=0x40, revision=0x0
[   12.813525] microcode: Microcode Update Driver: v2.01 <tigran@aivazian.fsnet.co.uk>, Peter Oruba
[   12.813718] registered taskstats version 1
[   12.813737] Loading compiled-in X.509 certificates
[   12.814648] Loaded X.509 cert 'Build time autogenerated kernel key: 0777615d5208f86b8b4bd2fb3aecc97a191f2831'
[   12.814681] zswap: loaded using pool lzo/zbud
[   12.816324] Key type trusted registered
[   12.818450] Key type encrypted registered
[   12.818456] AppArmor: AppArmor sha1 policy hashing enabled
[   12.818458] ima: No TPM chip found, activating TPM-bypass!
[   12.818479] evm: HMAC attrs: 0x1
[   12.818789]   Magic number: 10:385:699
[   12.821893] rtc_cmos rtc_cmos: setting system clock to 2018-03-02 20:41:01 UTC (1520023261)
[   12.822507] BIOS EDD facility v0.16 2004-Jun-25, 0 devices found
[   12.822507] EDD information not available.
[   12.937667] Freeing unused kernel memory: 1488K (ffffffff81f45000 - ffffffff820b9000)
[   13.227255] Write protecting the kernel read-only data: 14336k
[   13.227420] tsc: Refined TSC clocksource calibration: 2598.663 MHz
[   13.227424] clocksource: tsc: mask: 0xffffffffffffffff max_cycles: 0x25754d38738, max_idle_ns: 440795264327 ns
[   13.273013] Freeing unused kernel memory: 1752K (ffff88000184a000 - ffff880001a00000)
[   13.279204] Freeing unused kernel memory: 112K (ffff880001de4000 - ffff880001e00000)
Loading, please wait...
starting version 229
[   13.303924] random: systemd-udevd: uninitialized urandom read (16 bytes read, 3 bits of entropy available)
[   13.304158] random: udevadm: uninitialized urandom read (16 bytes read, 3 bits of entropy available)
[   13.304215] random: udevadm: uninitialized urandom read (16 bytes read, 3 bits of entropy available)
[   13.304375] random: udevadm: uninitialized urandom read (16 bytes read, 3 bits of entropy available)
[   13.304435] random: udevadm: uninitialized urandom read (16 bytes read, 3 bits of entropy available)
[   13.304498] random: udevadm: uninitialized urandom read (16 bytes read, 3 bits of entropy available)
[   13.304558] random: udevadm: uninitialized urandom read (16 bytes read, 3 bits of entropy available)
[   13.304674] random: udevadm: uninitialized urandom read (16 bytes read, 3 bits of entropy available)
[   13.304739] random: udevadm: uninitialized urandom read (16 bytes read, 3 bits of entropy available)
[   13.304797] random: udevadm: uninitialized urandom read (16 bytes read, 3 bits of entropy available)
[   13.437375] e1000: Intel(R) PRO/1000 Network Driver - version 7.3.21-k8-NAPI
[   13.484561] e1000: Copyright (c) 1999-2006 Intel Corporation.
[   13.537010] Fusion MPT base driver 3.04.20
[   13.539095] Copyright (c) 1999-2008 LSI Corporation
[   13.545939] AVX2 version of gcm_enc/dec engaged.
[   13.557291] AES CTR mode by8 optimization enabled
[   13.568178] Fusion MPT SPI Host driver 3.04.20
[   13.748049] input: ImExPS/2 Generic Explorer Mouse as /devices/platform/i8042/serio1/input/input4
[   13.921284] e1000 0000:00:03.0 eth0: (PCI:33MHz:32-bit) 02:50:7f:03:3f:72
[   13.930477] e1000 0000:00:03.0 eth0: Intel(R) PRO/1000 Network Connection
[   13.983969] mptbase: ioc0: Initiating bringup
[   14.240866] ioc0: LSI53C1030 A0: Capabilities={Initiator}
[   14.775779] scsi host2: ioc0: LSI53C1030 A0, FwRev=00000000h, Ports=1, MaxQ=256, IRQ=20
[   15.695476] scsi 2:0:0:0: Direct-Access     VBOX     HARDDISK         1.0  PQ: 0 ANSI: 5
[   15.730801] scsi target2:0:0: Beginning Domain Validation
[   15.744736] scsi target2:0:0: Domain Validation skipping write tests
[   15.747170] scsi target2:0:0: Ending Domain Validation
[   15.748392] scsi target2:0:0: asynchronous
[   15.752820] scsi 2:0:1:0: Direct-Access     VBOX     HARDDISK         1.0  PQ: 0 ANSI: 5
[   15.759004] scsi target2:0:1: Beginning Domain Validation
[   15.762034] scsi target2:0:1: Domain Validation skipping write tests
[   15.764823] scsi target2:0:1: Ending Domain Validation
[   15.777958] scsi target2:0:1: asynchronous
[   15.789860] sd 2:0:0:0: Attached scsi generic sg0 type 0
[   15.859410] sd 2:0:0:0: [sda] 20971520 512-byte logical blocks: (10.7 GB/10.0 GiB)
[   15.862611] sd 2:0:0:0: [sda] Write Protect is off
[   15.867073] sd 2:0:0:0: [sda] Incomplete mode parameter data
[   15.876896] sd 2:0:0:0: [sda] Assuming drive cache: write through
[   15.878739] sd 2:0:1:0: Attached scsi generic sg1 type 0
[   15.881202] sd 2:0:1:0: [sdb] 20480 512-byte logical blocks: (10.5 MB/10.0 MiB)
[   15.883359] sd 2:0:1:0: [sdb] Write Protect is off
[   15.886317] sd 2:0:1:0: [sdb] Incomplete mode parameter data
[   15.888673] sd 2:0:1:0: [sdb] Assuming drive cache: write through
[   15.891046]  sda: sda1
[   15.899324] sd 2:0:0:0: [sda] Attached SCSI disk
[   15.901575] sd 2:0:1:0: [sdb] Attached SCSI disk
[   16.076111] e1000 0000:00:08.0 eth1: (PCI:33MHz:32-bit) 08:00:27:17:4e:83
[   16.153564] e1000 0000:00:08.0 eth1: Intel(R) PRO/1000 Network Connection
[   16.157176] e1000 0000:00:03.0 enp0s3: renamed from eth0
[   16.182682] e1000 0000:00:08.0 enp0s8: renamed from eth1
[   16.568824] floppy0: no floppy controllers found
Begin: Loading e[   17.913380] md: linear personality registered for level -1
ssential drivers ... [   17.953798] md: multipath personality registered for level -4
[   18.008278] md: raid0 personality registered for level 0
[   18.058887] md: raid1 personality registered for level 1
[   18.164851] raid6: sse2x1   gen()  6955 MB/s
[   18.304721] raid6: sse2x1   xor()  3796 MB/s
[   18.388722] raid6: sse2x2   gen()  8329 MB/s
[   18.492884] raid6: sse2x2   xor()  4655 MB/s
[   18.584843] raid6: sse2x4   gen()  9067 MB/s
[   18.676845] raid6: sse2x4   xor()  5634 MB/s
[   18.828843] raid6: avx2x1   gen() 14968 MB/s
[   18.964738] raid6: avx2x2   gen() 15929 MB/s
[   19.084615] raid6: avx2x4   gen() 23322 MB/s
[   19.099025] raid6: using algorithm avx2x4 gen() 23322 MB/s
[   19.160005] raid6: using avx2x2 recovery algorithm
[   19.173604] xor: automatically using best checksumming function:
[   19.240693]    avx       :  9154.000 MB/sec
[   19.247687] async_tx: api initialized (async)
[   19.269545] md: raid6 personality registered for level 6
[   19.316287] md: raid5 personality registered for level 5
[   19.358923] md: raid4 personality registered for level 4
[   19.429625] md: raid10 personality registered for level 10
done.
Begin: Running /scripts/init-premount ... done.
Begin: M[   19.529126] Btrfs loaded
ounting root file system ... Begin: Running /scripts/local-top ... done.
Begin: Running /scripts/local-premount[   19.576215] EXT4-fs (sda1): mounted filesystem with ordered data mode. Opts: (null)
 ... Scanning for Btrfs filesystems
done.
Warning: fsck not present, so skipping root file system
done.
Begin: Running /scripts/local-bottom ... done.
Begin: Running /scripts/init-bottom ... done.
[   19.709990] systemd[1]: systemd 229 running in system mode. (+PAM +AUDIT +SELINUX +IMA +APPARMOR +SMACK +SYSVINIT +UTMP +LIBCRYPTSETUP +GCRYPT +GNUTLS +ACL +XZ -LZ4 +SECCOMP +BLKID +ELFUTILS +KMOD -IDN)
[   19.846958] systemd[1]: Detected virtualization oracle.
[   19.953185] systemd[1]: Detected architecture x86-64.

Welcome to [1mUbuntu 16.04.3 LTS[0m!

[   19.989790] systemd[1]: Set hostname to <ubuntu>.
[   20.057088] systemd[1]: Initializing machine ID from random generator.
[   20.224409] systemd[1]: Installed transient /etc/machine-id file.
[   20.470986] systemd[1]: Set up automount Arbitrary Executable File Formats File System Automount Point.
[[0;32m  OK  [0m] Set up automount Arbitrary Executab...ats File System Automount Point.
[   20.509694] systemd[1]: Created slice System Slice.
[[0;32m  OK  [0m] Created slice System Slice.
[   20.523094] systemd[1]: Listening on LVM2 metadata daemon socket.
[[0;32m  OK  [0m] Listening on LVM2 metadata daemon socket.
[   20.573279] systemd[1]: Listening on Journal Socket (/dev/log).
[[0;32m  OK  [0m] Listening on Journal Socket (/dev/log).
[   20.613948] systemd[1]: Started Trigger resolvconf update for networkd DNS.
[[0;32m  OK  [0m] Started Trigger resolvconf update for networkd DNS.
[   20.647869] systemd[1]: Created slice User and Session Slice.
[[0;32m  OK  [0m] Created slice User and Session Slice.
[   20.697845] systemd[1]: Listening on Syslog Socket.
[[0;32m  OK  [0m] Listening on Syslog Socket.
[   20.783905] systemd[1]: Reached target Slices.
[[0;32m  OK  [0m] Reached target Slices.
[   20.821759] systemd[1]: Listening on Journal Audit Socket.
[[0;32m  OK  [0m] Listening on Journal Audit Socket.
[   20.863744] systemd[1]: Listening on LVM2 poll daemon socket.
[[0;32m  OK  [0m] Listening on LVM2 poll daemon socket.
[   20.933083] systemd[1]: Listening on Device-mapper event daemon FIFOs.
[[0;32m  OK  [0m] Listening on Device-mapper event daemon FIFOs.
[   21.033074] systemd[1]: Reached target Encrypted Volumes.
[[0;32m  OK  [0m] Reached target Encrypted Volumes.
[   21.096922] systemd[1]: Listening on udev Kernel Socket.
[[0;32m  OK  [0m] Listening on udev Kernel Socket.
[   21.164807] systemd[1]: Listening on /dev/initctl Compatibility Named Pipe.
[[0;32m  OK  [0m] Listening on /dev/initctl Compatibility Named Pipe.
[   21.201861] systemd[1]: Started Forward Password Requests to Wall Directory Watch.
[[0;32m  OK  [0m] Started Forward Password Requests to Wall Directory Watch.
[   21.309316] systemd[1]: Reached target User and Group Name Lookups.
[[0;32m  OK  [0m] Reached target User and Group Name Lookups.
[   21.381808] systemd[1]: Listening on Journal Socket.
[[0;32m  OK  [0m] Listening on Journal Socket.
[   21.469461] systemd[1]: Starting Set console keymap...
         Starting Set console keymap...
[   21.554430] systemd[1]: Starting Load Kernel Modules...
[   21.564224] Loading iSCSI transport class v2.0-870.
         Starting Load Kernel Modules...
[   21.580473] systemd[1]: Starting Uncomplicated firewall...
[   21.583851] iscsi: registered transport (tcp)
         Starting Uncomplicated firewall...
[   21.602996] iscsi: registered transport (iser)
[   21.637288] systemd[1]: Starting Remount Root and Kernel File Systems...
[   21.640299] EXT4-fs (sda1): re-mounted. Opts: (null)
         Starting Remount Root and Kernel File Systems...
[   21.769438] systemd[1]: Mounting Huge Pages File System...
         Mounting Huge Pages File System...
[   21.893040] systemd[1]: Starting Monitoring of LVM2 mirrors, snapshots etc. using dmeventd or progress polling...
         Starting Monitoring of LVM2 mirrors... dmeventd or progress polling...
[   22.033328] systemd[1]: Mounting POSIX Message Queue File System...
         Mounting POSIX Message Queue File System...
[   22.205320] systemd[1]: Mounting Debug File System...
         Mounting Debug File System...
[   22.297906] systemd[1]: Starting Journal Service...
[   22.299170] random: nonblocking pool is initialized
         Starting Journal Service...
[   22.457179] systemd[1]: Starting Nameserver information manager...
         Starting Nameserver information manager...
[   22.589419] systemd[1]: Starting Create list of required static device nodes for the current kernel...
         Starting Create list of required st... nodes for the current kernel...
[   22.669014] systemd[1]: Listening on udev Control Socket.
[[0;32m  OK  [0m] Listening on udev Control Socket.
[   22.765201] systemd[1]: Created slice system-serial\x2dgetty.slice.
[[0;32m  OK  [0m] Created slice system-serial\x2dgetty.slice.
[   22.948259] systemd[1]: Reached target Swap.
[[0;32m  OK  [0m] Reached target Swap.
[   22.989713] systemd[1]: Mounted Huge Pages File System.
[[0;32m  OK  [0m] Mounted Huge Pages File System.
[   23.093164] systemd[1]: Mounted Debug File System.
[[0;32m  OK  [0m] Mounted Debug File System.
[   23.184932] systemd[1]: Mounted POSIX Message Queue File System.
[[0;32m  OK  [0m] Mounted POSIX Message Queue File System.
[   23.253197] systemd[1]: Started Journal Service.
[[0;32m  OK  [0m] Started Journal Service.
[[0;32m  OK  [0m] Started Set console keymap.
[[0;32m  OK  [0m] Started Load Kernel Modules.
[[0;32m  OK  [0m] Started Uncomplicated firewall.
[[0;32m  OK  [0m] Started Remount Root and Kernel File Systems.
[[0;32m  OK  [0m] Started Create list of required sta...ce nodes for the current kernel.
[[0;32m  OK  [0m] Started Nameserver information manager.
[[0;32m  OK  [0m] Started LVM2 metadata daemon.
         Starting Create Static Device Nodes in /dev...
         Starting udev Coldplug all Devices...
         Starting Initial cloud-init job (pre-networking)...
         Starting Load/Save Random Seed...
         Starting Apply Kernel Variables...
         Mounting FUSE Control File System...
         Starting Flush Journal to Persistent Storage...
[[0;32m  OK  [0m] Mounted FUSE Control File System.
[[0;32m  OK  [0m] Started Create Static Device Nodes in /dev.
[[0;32m  OK  [0m] Started Load/Save Random Seed.
[[0;32m  OK  [0m] Started Apply Kernel Variables.
[[0;32m  OK  [0m] Started udev Coldplug all Devices.
[[0;32m  OK  [0m] Started Flush Journal to Persistent Storage.
         Starting udev Kernel Device Manager...
[[0;32m  OK  [0m] Started udev Kernel Device Manager.
[[0;32m  OK  [0m] Started Dispatch Password Requests to Console Directory Watch.
[[0;32m  OK  [0m] Started Monitoring of LVM2 mirrors,...ng dmeventd or progress polling.
[[0;32m  OK  [0m] Reached target Local File Systems (Pre).
[[0;32m  OK  [0m] Reached target Local File Systems.
         Starting LSB: AppArmor initialization...
         Starting Create Volatile Files and Directories...
         Starting Set console font and keymap...
         Starting Tell Plymouth To Write Out Runtime Data...
         Starting Commit a transient machine-id on disk...
[[0;32m  OK  [0m] Started Create Volatile Files and Directories.
[   18.521820] cloud-init[450]: Cloud-init v. 0.7.9 running 'init-local' at Fri, 02 Mar 2018 20:41:13 +0000. Up 18.18 seconds.
[[0;32m  OK  [0m] Started Tell Plymouth To Write Out Runtime Data.
[[0;32m  OK  [0m] Started Commit a transient machine-id on disk.
[[0;32m  OK  [0m] Started Initial cloud-init job (pre-networking).
[[0;32m  OK  [0m] Started Set console font and keymap.
[[0;32m  OK  [0m] Found device /dev/ttyS0.
[[0;32m  OK  [0m] Listening on Load/Save RF Kill Switch Status /dev/rfkill Watch.
[[0;32m  OK  [0m] Created slice system-getty.slice.
[[0;32m  OK  [0m] Reached target Network (Pre).
[[0;32m  OK  [0m] Reached target System Time Synchronized.
         Starting Update UTMP about System Boot/Shutdown...
[[0;32m  OK  [0m] Started Update UTMP about System Boot/Shutdown.
[[0;32m  OK  [0m] Started LSB: AppArmor initialization.
         Starting Raise network interfaces...
[[0;32m  OK  [0m] Started Raise network interfaces.
         Starting Initial cloud-init job (metadata service crawler)...
[[0;32m  OK  [0m] Reached target Network.
[   22.677950] cloud-init[942]: Cloud-init v. 0.7.9 running 'init' at Fri, 02 Mar 2018 20:41:16 +0000. Up 21.31 seconds.
[   22.793801] cloud-init[942]: ci-info: ++++++++++++++++++++++++++++++++++++++Net device info++++++++++++++++++++++++++++++++++++++
[   22.794012] cloud-init[942]: ci-info: +--------+-------+----------------------------+---------------+-------+-------------------+
[[0;32m  OK  [0m] Started Initial cloud-init job (metadata service crawler).
[   22.794188] cloud-init[942]: ci-info: | Device |   Up  |          Address           |      Mask     | Scope |     Hw-Address    |
[   23.052958] cloud-init[942]: ci-info: +--------+-------+----------------------------+---------------+-------+-------------------+
[[0;32m  OK  [0m] Reached target Cloud-config availability.
[   23.053317] cloud-init[942]: ci-info: |   lo   |  True |         127.0.0.1          |   255.0.0.0   |   .   |         .         |
[   23.192682] cloud-init[942]: ci-info: |   lo   |  True |          ::1/128           |       .       |  host |         .         |
[   23.193001] cloud-init[942]: ci-info: | enp0s8 | False |             .              |       .       |   .   | 08:00:27:17:4e:83 |
[[0;32m  OK  [0m] Reached target Network is Online.
[   23.193242] cloud-init[942]: ci-info: | enp0s3 |  True |         10.0.2.15          | 255.255.255.0 |   .   | 02:50:7f:03:3f:72 |
[   23.440913] cloud-init[942]: ci-info: | enp0s3 |  True | fe80::50:7fff:fe03:3f72/64 |       .       |  link | 02:50:7f:03:3f:72 |
[   23.441344] cloud-init[942]: ci-info: +--------+-------+----------------------------+---------------+-------+-------------------+
         Starting iSCSI initiator daemon (iscsid)...
[[   23.441542] cloud-init[942]: ci-info: +++++++++++++++++++++++++++Route IPv4 info++++++++++++++++++++++++++++
[   23.560387] cloud-init[942]: ci-info: +-------+-------------+----------+---------------+-----------+-------+
[0;32m  OK  [0m] Reached target System Initialization.
[   23.560500] cloud-init[942]: ci-info: | Route | Destination | Gateway  |    Genmask    | Interface | Flags |
[[0;32m  OK  [0m] Started Timer to automatically refresh installed snaps.
[[   23.729063] cloud-init[942]: ci-info: +-------+-------------+----------+---------------+-----------+-------+
[   23.853003] cloud-init[942]: ci-info: |   0   |   0.0.0.0   | 10.0.2.2 |    0.0.0.0    |   enp0s3  |   UG  |
[0;32m  OK  [0m] Listening on ACPID Listen Socket.
[   23.853102] cloud-init[942]: ci-info: |   1   |   10.0.2.0  | 0.0.0.0  | 255.255.255.0 |   enp0s3  |   U   |
[[0;32m  OK  [0m] Listening on UUID daemon activation socket.
[   23.899833] cloud-init[942]: ci-info: +-------+-------------+----------+---------------+-----------+-------+
[   24.144313] cloud-init[942]: Generating public/private rsa key pair.
[   24.144429] cloud-init[942]: Your identification has been saved in /etc/ssh/ssh_host_rsa_key.
         Starting LXD - unix socket.
[[   24.144591] cloud-init[942]: Your public key has been saved in /etc/ssh/ssh_host_rsa_key.pub.
[   24.289534] cloud-init[942]: The key fingerprint is:
[0;32m  OK  [0m] Started Daily apt download activities.
[[   24.289671] cloud-init[942]: SHA256:PHhcO8iHQjadKYym+y6fIuz21BrKDXNpq8xBTAV84vA root@ubuntu-xenial
[   24.358896] cloud-init[942]: The key's randomart image is:
[   24.359016] cloud-init[942]: +---[RSA 2048]----+
[   24.359192] cloud-init[942]: |....             |
[0;32m  OK  [0m] Listening on D-Bus System Message Bus Socket.
[[   24.359410] cloud-init[942]: |.o.. o . o       |
[   24.548923] cloud-init[942]: |ooo o * + .      |
[0;32m  OK  [0m] Started Daily Cleanup of Temporary Directories.
         Starting Socket activation for snappy daemon.
[   24.549027] cloud-init[942]: |o.Eo o B + .     |
[   24.687260] cloud-init[942]: | o.   o S +      |
[   24.687560] cloud-init[942]: |.  .o  o o .     |
[[0;32m  OK  [0m] Started ACPI Events Check.
[[   24.687792] cloud-init[942]: |.+.* .           |
[   24.840882] cloud-init[942]: |=o%.+.           |
[0;32m  OK  [0m] Reached target Paths.
[[   24.841047] cloud-init[942]: |oOoX=            |
[   24.942490] cloud-init[942]: +----[SHA256]-----+
[0;32m  OK  [0m] Started Daily apt upgrade and clean activities.
[[   24.942659] cloud-init[942]: Generating public/private dsa key pair.
[0;32m  OK  [0m] Reached target Timers.
[   25.049361] cloud-init[942]: Your identification has been saved in /etc/ssh/ssh_host_dsa_key.
[   25.184570] cloud-init[942]: Your public key has been saved in /etc/ssh/ssh_host_dsa_key.pub.
[   25.184941] cloud-init[942]: The key fingerprint is:
[[0;32m  OK  [0m] Listening on LXD - unix socket.
[   25.185135] cloud-init[942]: SHA256:aXNvKcpkz5ZKRTFLbd6L2BitkCSBnOh7wvO5tYdHlB0 root@ubuntu-xenial
[   25.408750] cloud-init[942]: The key's randomart image is:
[[0;32m  OK  [0m] Listening on Socket activation for snappy daemon.
[[   25.408883] cloud-init[942]: +---[DSA 1024]----+
[   25.426830] cloud-init[942]: |   o o..  +.     |
[   25.426991] cloud-init[942]: |  . + . ..E+o    |
[   25.427177] cloud-init[942]: | .     o +o= .   |
[0;32m  OK  [0m] Started iSCSI initiator daemon (iscsid).
[   25.427583] cloud-init[942]: |  .     =oo o .  |
         [   25.646029] Starting Login to default iSCSI targets...cloud-init
[942]: | . .   .S.o* . . |
[   25.694732] cloud-init[942]: |  = .  ..++.o..  |
[   25.695121] cloud-init[942]: |   = ..o+ ..+    |
[[0;32m  OK  [0m] Reached target Sockets.
[   25.695273] cloud-init[942]: |    o..*o+oo     |
[   25.767689] cloud-init[942]: |    ...o+oo      |
[[0;32m  OK  [0m] Reached target Basic System.
[   25.767817] cloud-init[942]: +----[SHA256]-----+
[   25.778962] cloud-init[942]: Generating public/private ecdsa key pair.
[   25.808488] cloud-init[942]: Your identification has been saved in /etc/ssh/ssh_host_ecdsa_key.
[   25.809920] cloud-init[942]: Your public key has been saved in /etc/ssh/ssh_host_ecdsa_key.pub.
[[0;32m  OK  [0m] Started Snappy daemon.
[   25.809997] cloud-init[942]: The key fingerprint is:
[   25.976726] cloud-init[942]: SHA256:bDfjKGkKK62h0jx2f+ocdSuTmcgwzBCE7Q08hteLInI root@ubuntu-xenial
[   25.977039] cloud-init[942]: The key's randomart image is:
         Starting LSB: MD monitoring daemon...
[   25.977214] cloud-init[942]: +---[ECDSA 256]---+
[   26.128652] cloud-init[942]: | *o.             |
[   26.128855] cloud-init[942]: |o B..            |
         Starting Accounts Service...
[   26.129037] cloud-init[942]: | +.= .           |
[   26.176454] cloud-init[942]: |+ E+o  .         |
[   26.176841] cloud-init[942]: |oo  =   S =      |
[[0;32m  OK  [0m] Started FUSE filesystem for LXC.
[   26.176946] cloud-init[942]: |     + = O +     |
[   26.308539] cloud-init[942]: |.+.   B B o      |
[[0;32m  OK  [0m] Started Regular background program processing daemon.
[   26.309071] cloud-init[942]: |+.*o.+ o.o       |
[   26.472431] cloud-init[942]: |++.o.o=o         |
[   26.472857] cloud-init[942]: +----[SHA256]-----+
         Starting LXD - container startup/shutdown...
[   26.473046] cloud-init[942]: Generating public/private ed25519 key pair.
[   26.588398] cloud-init[942]: Your identification has been saved in /etc/ssh/ssh_host_ed25519_key.
[   26.588763] cloud-init[942]: Your public key has been saved in /etc/ssh/ssh_host_ed25519_key.pub.
         Starting Auto import assertions from block devices...
[   26.588947] cloud-init[942]: The key fingerprint is:
[   26.824511] cloud-init[942]: SHA256:6uGDkIbvBi3fwnhMBnzauwh/qq0Ec8O6uSo4OACpqOk root@ubuntu-xenial
         Starting Login Service...
[   26.825170] cloud-init[942]: The key's randomart image is:
[   26.959099] cloud-init[942]: +--[ED25519 256]--+
[   26.959413] cloud-init[942]: |                 |
[[0;32m  OK  [0m] Started ACPI event daemon.
[   26.959606] cloud-init[942]: |                 |
[   27.044648] cloud-init[942]: |..               |
[   27.044906] cloud-init[942]: |+o .             |
         Starting Apply the settings specified in cloud-config...
[   27.045019] cloud-init[942]: |*+B.    S        |
[   27.220817] cloud-init[942]: |O=Bo   .         |
[   27.256848] cloud-init[942]: |B# o..o          |
[   27.257064] cloud-init[942]: |%=X.+o..         |
[[0;32m  OK  [0m] Started Deferred execution scheduler.
[   27.257716] cloud-init[942]: |@E==. o.         |
[   27.395023] cloud-init[942]: +----[SHA256]-----+
         Starting /etc/rc.local Compatibility...
         Starting System Logging Service...
[[0;32m  OK  [0m] Started D-Bus System Message Bus.
[[0;32m  OK  [0m] Started Unattended Upgrades Shutdown.
         Starting Pollinate to seed the pseudo random number generator...
         Starting LSB: Record successful boot for GRUB...
[[0;32m  OK  [0m] Started System Logging Service.
[[0;32m  OK  [0m] Started LXD - container startup/shutdown.
[[0;32m  OK  [0m] Started Auto import assertions from block devices.
[[0;32m  OK  [0m] Started /etc/rc.local Compatibility.
[[0;32m  OK  [0m] Started Login to default iSCSI targets.
[[0;32m  OK  [0m] Started LSB: MD monitoring daemon.
[[0;32m  OK  [0m] Started LSB: Record successful boot for GRUB.
[[0;32m  OK  [0m] Started Login Service.
[   27.954841] cloud-init[1081]: Generating locales (this might take a while)...
         Starting Authenticate and Authorize Users to Run Privileged Tasks...
[[0;32m  OK  [0m] Reached target Remote File Systems (Pre).
[[0;32m  OK  [0m] Reached target Remote File Systems.
         Starting LSB: automatic crash report generation...
         Starting LSB: daemon to balance interrupts for SMP systems...
         Starting LSB: Set the CPU Frequency Scaling governor to "ondemand"...
         Starting Permit User Sessions...
         Starting LSB: VirtualBox Linux Additions...
[[0;32m  OK  [0m] Started Permit User Sessions.
[[0;32m  OK  [0m] Started Authenticate and Authorize Users to Run Privileged Tasks.
[[0;32m  OK  [0m] Started Accounts Service.
[[0;32m  OK  [0m] Started Pollinate to seed the pseudo random number generator.
[[0;32m  OK  [0m] Started LSB: automatic crash report generation.
[[0;32m  OK  [0m] Started LSB: Set the CPU Frequency Scaling governor to "ondemand".
[[0;32m  OK  [0m] Started LSB: daemon to balance interrupts for SMP systems.
         Starting OpenBSD Secure Shell server...
         Starting Hold until boot process finishes up...
         Starting Terminate Plymouth Boot Screen...
[[0;32m  OK  [0m] Started OpenBSD Secure Shell server.
[[0;32m  OK  [0m] Started Hold until boot process finishes up.
[[0;32m  OK  [0m] Started Terminate Plymouth Boot Screen.
[[0;32m  OK  [0m] Started LSB: VirtualBox Linux Additions.
[[0;32m  OK  [0m] Started Getty on tty1.
[[0;32m  OK  [0m] Started Serial Getty on ttyS0.
[[0;32m  OK  [0m] Reached target Login Prompts.
         Starting Set console scheme...
[[0;32m  OK  [0m] Reached target Multi-User System.
[[0;32m  OK  [0m] Reached target Graphical Interface.
         Starting Update UTMP about System Runlevel Changes...
[[0;32m  OK  [0m] Started Set console scheme.
[[0;32m  OK  [0m] Started Update UTMP about System Runlevel Changes.
[   29.574586] cloud-init[1081]:   en_US.UTF-8... done
[   29.596920] cloud-init[1081]: Generation complete.
         Stopping OpenBSD Secure Shell server...
[[0;32m  OK  [0m] Stopped OpenBSD Secure Shell server.
         Starting OpenBSD Secure Shell server...
[[0;32m  OK  [0m] Started OpenBSD Secure Shell server.
[[0;32m  OK  [0m] Created slice User Slice of ubuntu.
         Starting User Manager for UID 1000...
[[0;32m  OK  [0m] Started Session 1 of user ubuntu.
[[0;32m  OK  [0m] Started User Manager for UID 1000.
[   30.185608] cloud-init[1081]: Cloud-init v. 0.7.9 running 'modules:config' at Fri, 02 Mar 2018 20:41:22 +0000. Up 27.60 seconds.
[[0;32m  OK  [0m] Started Apply the settings specified in cloud-config.
         Starting Execute cloud user/final scripts...
ci-info: no authorized ssh keys fingerprints found for user ubuntu.
<14>Mar  2 20:41:26 ec2: 
<14>Mar  2 20:41:26 ec2: #############################################################
<14>Mar  2 20:41:26 ec2: -----BEGIN SSH HOST KEY FINGERPRINTS-----
<14>Mar  2 20:41:26 ec2: 1024 SHA256:aXNvKcpkz5ZKRTFLbd6L2BitkCSBnOh7wvO5tYdHlB0 root@ubuntu-xenial (DSA)
<14>Mar  2 20:41:26 ec2: 256 SHA256:bDfjKGkKK62h0jx2f+ocdSuTmcgwzBCE7Q08hteLInI root@ubuntu-xenial (ECDSA)
<14>Mar  2 20:41:26 ec2: 256 SHA256:6uGDkIbvBi3fwnhMBnzauwh/qq0Ec8O6uSo4OACpqOk root@ubuntu-xenial (ED25519)
<14>Mar  2 20:41:26 ec2: 2048 SHA256:PHhcO8iHQjadKYym+y6fIuz21BrKDXNpq8xBTAV84vA root@ubuntu-xenial (RSA)
<14>Mar  2 20:41:26 ec2: -----END SSH HOST KEY FINGERPRINTS-----
<14>Mar  2 20:41:26 ec2: #############################################################
-----BEGIN SSH HOST KEY KEYS-----
ecdsa-sha2-nistp256 AAAAE2VjZHNhLXNoYTItbmlzdHAyNTYAAAAIbmlzdHAyNTYAAABBBPpp3Er5a/8ewZdU9X/j39kA2DKcOggUTEYmtk/sytM0AwLuxXZ2uFeO4uK/UXfZeBggUbv383di6pOnjMZql1U= root@ubuntu-xenial
ssh-ed25519 AAAAC3NzaC1lZDI1NTE5AAAAIOQQRjoQbS01SdoyDfJXZTrPru5zxNJdovjpo11idzce root@ubuntu-xenial
ssh-rsa AAAAB3NzaC1yc2EAAAADAQABAAABAQDfuIiI9p2U++jZMYYSuv9nBYjErjZMZKkIDu5ouj4GIHb90XOj4TV5UCgixYn3f7QGeTmNVMdffGAyjOpbyXl81PmVthiezIJyBzTvaHsa2BgbTqgdDwexmAnGSixYQpSNSxhrCtdO7/ee5CuqWpTf41PlYOCDH6m++/p+ksJ+5Mbpht0M/YYHV9/fTyu3DPgVE7pQnPF9TbqLRISqw5EpUy03lYJSld8+763NcLtSTlHvW7Y8AOqoV1Z+YX1DxU6UxymJRf+CrJoUy6tQjFyNlrk42/02ZH7d9wvgCn0aT6n4+ZKVfz1HPBPqdZ8g8pCWOsXwoljE1R0mPGGtCM83 root@ubuntu-xenial
-----END SSH HOST KEY KEYS-----
[   31.371179] cloud-init[1384]: Cloud-init v. 0.7.9 running 'modules:final' at Fri, 02 Mar 2018 20:41:25 +0000. Up 30.82 seconds.
[   31.394436] cloud-init[1384]: ci-info: no authorized ssh keys fingerprints found for user ubuntu.
[   31.396498] cloud-init[1384]: Cloud-init v. 0.7.9 finished at Fri, 02 Mar 2018 20:41:26 +0000. Datasource DataSourceNoCloud [seed=/dev/sdb][dsmode=net].  Up 31.36 seconds
[[0;32m  OK  [0m] Started Execute cloud user/final scripts.
[[0;32m  OK  [0m] Reached target Cloud-init target.

Ubuntu 16.04.3 LTS ubuntu-xenial ttyS0

ubuntu-xenial login: 